Build started 2/2/2015 6:23:43 PM.
     1>Project "D:\Users\rene-keijzer\Documents\GitHub\TheGrid\TheGrid.vcxproj" on node 2 (Build target(s)).
     1>ClCompile:
         D:\Program Files (x86)\Microsoft Visual Studio 12.0\VC\bin\CL.exe /c /ZI /nologo /W3 /WX- /sdl /Od /Oy- /D _MBCS /Gm /EHsc /RTC1 /MDd /GS /fp:precise /Zc:wchar_t /Zc:forScope /Fo"Debug\\" /Fd"Debug\vc120.pdb" /Gd /TP /analyze- /errorReport:prompt BaseSystem.cpp Entity.cpp EntityManager.cpp SystemManager.cpp test.cpp
         test.cpp
     1>d:\users\rene-keijzer\documents\github\thegrid\entitymanager.hpp(38): error C2027: use of undefined type 'Entity'
                 d:\users\rene-keijzer\documents\github\thegrid\entitymanager.hpp(17) : see declaration of 'Entity'
                 d:\users\rene-keijzer\documents\github\thegrid\entitymanager.hpp(83) : see reference to class template instantiation 'EntityManager::ViewIterator<Delegate,All>' being compiled
     1>d:\users\rene-keijzer\documents\github\thegrid\entitymanager.hpp(39): error C2027: use of undefined type 'Entity'
                 d:\users\rene-keijzer\documents\github\thegrid\entitymanager.hpp(17) : see declaration of 'Entity'
         SystemManager.cpp
         EntityManager.cpp
         Entity.cpp
     1>d:\users\rene-keijzer\documents\github\thegrid\entitymanager.hpp(38): error C2027: use of undefined type 'Entity'
                 d:\users\rene-keijzer\documents\github\thegrid\entitymanager.hpp(17) : see declaration of 'Entity'
                 d:\users\rene-keijzer\documents\github\thegrid\entitymanager.hpp(83) : see reference to class template instantiation 'EntityManager::ViewIterator<Delegate,All>' being compiled
     1>d:\users\rene-keijzer\documents\github\thegrid\entitymanager.hpp(39): error C2027: use of undefined type 'Entity'
                 d:\users\rene-keijzer\documents\github\thegrid\entitymanager.hpp(17) : see declaration of 'Entity'
         BaseSystem.cpp
         Generating Code...
     1>Done Building Project "D:\Users\rene-keijzer\Documents\GitHub\TheGrid\TheGrid.vcxproj" (Build target(s)) -- FAILED.

Build FAILED.

Time Elapsed 00:00:01.34
